[2026-03-30 18:30:04Z INFO HostContext] No proxy settings were found based on environmental variables (http_proxy/https_proxy/HTTP_PROXY/HTTPS_PROXY)
[2026-03-30 18:30:04Z INFO HostContext] Well known directory 'Bin': 'D:\vscprojects\NSTA\py-greetings-ppln\actions-runner\bin'
[2026-03-30 18:30:04Z INFO HostContext] Well known directory 'Root': 'D:\vscprojects\NSTA\py-greetings-ppln\actions-runner'
[2026-03-30 18:30:04Z INFO HostContext] Well known config file 'Credentials': 'D:\vscprojects\NSTA\py-greetings-ppln\actions-runner\.credentials'
[2026-03-30 18:30:04Z INFO HostContext] Well known directory 'Bin': 'D:\vscprojects\NSTA\py-greetings-ppln\actions-runner\bin'
[2026-03-30 18:30:04Z INFO HostContext] Well known directory 'Root': 'D:\vscprojects\NSTA\py-greetings-ppln\actions-runner'
[2026-03-30 18:30:04Z INFO HostContext] Well known config file 'Runner': 'D:\vscprojects\NSTA\py-greetings-ppln\actions-runner\.runner'
[2026-03-30 18:30:04Z INFO Listener] Runner is built for Windows (X64) - win-x64.
[2026-03-30 18:30:04Z INFO Listener] RuntimeInformation: Microsoft Windows 10.0.26200.
[2026-03-30 18:30:04Z INFO Listener] Version: 2.333.0
[2026-03-30 18:30:04Z INFO Listener] Commit: 8d231aaf863e5fcdd02d35bdfda369feafd08adb
[2026-03-30 18:30:04Z INFO Listener] Culture: ru-RU
[2026-03-30 18:30:04Z INFO Listener] UI Culture: ru-RU
[2026-03-30 18:30:04Z INFO HostContext] Well known directory 'Bin': 'D:\vscprojects\NSTA\py-greetings-ppln\actions-runner\bin'
[2026-03-30 18:30:04Z INFO HostContext] Well known directory 'Root': 'D:\vscprojects\NSTA\py-greetings-ppln\actions-runner'
[2026-03-30 18:30:04Z INFO Listener] Validating directory permissions for: 'D:\vscprojects\NSTA\py-greetings-ppln\actions-runner'
[2026-03-30 18:30:04Z INFO CommandLineParser] Parse
[2026-03-30 18:30:04Z INFO CommandLineParser] Parsing 1 args
[2026-03-30 18:30:04Z INFO CommandLineParser] parsing argument
[2026-03-30 18:30:04Z INFO CommandLineParser] HasArgs: False
[2026-03-30 18:30:04Z INFO CommandLineParser] Adding Command: run
[2026-03-30 18:30:04Z INFO Listener] Arguments parsed
[2026-03-30 18:30:04Z INFO Runner] ExecuteCommand
[2026-03-30 18:30:04Z INFO ConfigurationStore] currentAssemblyLocation: D:\vscprojects\NSTA\py-greetings-ppln\actions-runner\bin\Runner.Listener.dll
[2026-03-30 18:30:04Z INFO HostContext] Well known directory 'Bin': 'D:\vscprojects\NSTA\py-greetings-ppln\actions-runner\bin'
[2026-03-30 18:30:04Z INFO ConfigurationStore] binPath: D:\vscprojects\NSTA\py-greetings-ppln\actions-runner\bin
[2026-03-30 18:30:04Z INFO HostContext] Well known directory 'Bin': 'D:\vscprojects\NSTA\py-greetings-ppln\actions-runner\bin'
[2026-03-30 18:30:04Z INFO HostContext] Well known directory 'Root': 'D:\vscprojects\NSTA\py-greetings-ppln\actions-runner'
[2026-03-30 18:30:04Z INFO ConfigurationStore] RootFolder: D:\vscprojects\NSTA\py-greetings-ppln\actions-runner
[2026-03-30 18:30:04Z INFO HostContext] Well known directory 'Bin': 'D:\vscprojects\NSTA\py-greetings-ppln\actions-runner\bin'
[2026-03-30 18:30:04Z INFO HostContext] Well known directory 'Root': 'D:\vscprojects\NSTA\py-greetings-ppln\actions-runner'
[2026-03-30 18:30:04Z INFO HostContext] Well known config file 'Runner': 'D:\vscprojects\NSTA\py-greetings-ppln\actions-runner\.runner'
[2026-03-30 18:30:04Z INFO ConfigurationStore] ConfigFilePath: D:\vscprojects\NSTA\py-greetings-ppln\actions-runner\.runner
[2026-03-30 18:30:04Z INFO HostContext] Well known directory 'Bin': 'D:\vscprojects\NSTA\py-greetings-ppln\actions-runner\bin'
[2026-03-30 18:30:04Z INFO HostContext] Well known directory 'Root': 'D:\vscprojects\NSTA\py-greetings-ppln\actions-runner'
[2026-03-30 18:30:04Z INFO HostContext] Well known config file 'MigratedRunner': 'D:\vscprojects\NSTA\py-greetings-ppln\actions-runner\.runner_migrated'
[2026-03-30 18:30:04Z INFO ConfigurationStore] MigratedConfigFilePath: D:\vscprojects\NSTA\py-greetings-ppln\actions-runner\.runner_migrated
[2026-03-30 18:30:04Z INFO HostContext] Well known directory 'Bin': 'D:\vscprojects\NSTA\py-greetings-ppln\actions-runner\bin'
[2026-03-30 18:30:04Z INFO HostContext] Well known directory 'Root': 'D:\vscprojects\NSTA\py-greetings-ppln\actions-runner'
[2026-03-30 18:30:04Z INFO HostContext] Well known config file 'Credentials': 'D:\vscprojects\NSTA\py-greetings-ppln\actions-runner\.credentials'
[2026-03-30 18:30:04Z INFO ConfigurationStore] CredFilePath: D:\vscprojects\NSTA\py-greetings-ppln\actions-runner\.credentials
[2026-03-30 18:30:04Z INFO HostContext] Well known directory 'Bin': 'D:\vscprojects\NSTA\py-greetings-ppln\actions-runner\bin'
[2026-03-30 18:30:04Z INFO HostContext] Well known directory 'Root': 'D:\vscprojects\NSTA\py-greetings-ppln\actions-runner'
[2026-03-30 18:30:04Z INFO HostContext] Well known config file 'MigratedCredentials': 'D:\vscprojects\NSTA\py-greetings-ppln\actions-runner\.credentials_migrated'
[2026-03-30 18:30:04Z INFO ConfigurationStore] MigratedCredFilePath: D:\vscprojects\NSTA\py-greetings-ppln\actions-runner\.credentials_migrated
[2026-03-30 18:30:04Z INFO HostContext] Well known directory 'Bin': 'D:\vscprojects\NSTA\py-greetings-ppln\actions-runner\bin'
[2026-03-30 18:30:04Z INFO HostContext] Well known directory 'Root': 'D:\vscprojects\NSTA\py-greetings-ppln\actions-runner'
[2026-03-30 18:30:04Z INFO HostContext] Well known config file 'Service': 'D:\vscprojects\NSTA\py-greetings-ppln\actions-runner\.service'
[2026-03-30 18:30:04Z INFO ConfigurationStore] ServiceConfigFilePath: D:\vscprojects\NSTA\py-greetings-ppln\actions-runner\.service
[2026-03-30 18:30:04Z INFO CommandSettings] Flag 'help': 'False'
[2026-03-30 18:30:04Z INFO CommandSettings] Flag 'version': 'False'
[2026-03-30 18:30:04Z INFO CommandSettings] Flag 'commit': 'False'
[2026-03-30 18:30:04Z INFO CommandSettings] Flag 'check': 'False'
[2026-03-30 18:30:04Z INFO CommandSettings] Command 'configure': 'False'
[2026-03-30 18:30:04Z INFO CommandSettings] Command 'remove': 'False'
[2026-03-30 18:30:04Z INFO CommandSettings] Command 'warmup': 'False'
[2026-03-30 18:30:04Z INFO ConfigurationManager] LoadSettings
[2026-03-30 18:30:04Z INFO ConfigurationStore] IsConfigured()
[2026-03-30 18:30:04Z INFO ConfigurationStore] IsConfigured: True
[2026-03-30 18:30:04Z INFO ConfigurationManager] Is configured: True
[2026-03-30 18:30:04Z INFO ConfigurationStore] Read setting file: 393 chars
[2026-03-30 18:30:04Z INFO ConfigurationManager] Settings Loaded
[2026-03-30 18:30:04Z INFO ConfigurationStore] IsServiceConfigured()
[2026-03-30 18:30:04Z INFO ConfigurationStore] IsServiceConfigured: False
[2026-03-30 18:30:04Z INFO CommandSettings] Command 'run': 'True'
[2026-03-30 18:30:04Z INFO ConfigurationStore] IsConfigured()
[2026-03-30 18:30:04Z INFO ConfigurationStore] IsConfigured: True
[2026-03-30 18:30:04Z INFO ConfigurationManager] Is configured: True
[2026-03-30 18:30:04Z INFO Runner] Could not parse the argument value '' for StartupType. Defaulting to Manual
[2026-03-30 18:30:04Z INFO Runner] Set runner startup type - Manual
[2026-03-30 18:30:04Z INFO CommandSettings] Flag 'once': 'False'
[2026-03-30 18:30:04Z INFO CommandSettings] Flag 'once': 'False'
[2026-03-30 18:30:04Z INFO Runner] RunAsync
[2026-03-30 18:30:04Z INFO HostContext] Well known directory 'Bin': 'D:\vscprojects\NSTA\py-greetings-ppln\actions-runner\bin'
[2026-03-30 18:30:04Z INFO HostContext] Well known directory 'Root': 'D:\vscprojects\NSTA\py-greetings-ppln\actions-runner'
[2026-03-30 18:30:04Z INFO HostContext] Well known directory 'Work': 'D:\vscprojects\NSTA\py-greetings-ppln\actions-runner\_work'
[2026-03-30 18:30:04Z INFO Runner] Validating directory permissions for: 'D:\vscprojects\NSTA\py-greetings-ppln\actions-runner\_work'
[2026-03-30 18:30:04Z INFO ConfigurationManager] LoadMigratedSettings
[2026-03-30 18:30:04Z INFO ConfigurationStore] IsMigratedConfigured()
[2026-03-30 18:30:04Z INFO ConfigurationStore] IsMigratedConfigured: False
[2026-03-30 18:30:04Z INFO Runner] Failed to load migrated settings: No migrated configuration found.
[2026-03-30 18:30:04Z INFO Runner] Falling back to original .runner settings
[2026-03-30 18:30:04Z INFO Runner] Using BrokerMessageListener
[2026-03-30 18:30:04Z INFO BrokerMessageListener] Using provided settings
[2026-03-30 18:30:04Z INFO BrokerMessageListener] {
  "AgentId": 2,
  "AgentName": "BEAST",
  "PoolId": 1,
  "PoolName": "Default",
  "ServerUrl": "https://pipelinesghubeus10.actions.githubusercontent.com/ziEmYLr55G9t8cbQgn5f7rrvCJHN36l1jeWnDoASdm99ZSG9Dt/",
  "GitHubUrl": "https://github.com/lvwonx/py-greetings-ppln",
  "WorkFolder": "_work",
  "UseV2Flow": true,
  "ServerUrlV2": "https://broker.actions.githubusercontent.com/"
}
[2026-03-30 18:30:04Z INFO BrokerMessageListener] Loading Credentials
[2026-03-30 18:30:04Z INFO ConfigurationStore] HasCredentials()
[2026-03-30 18:30:04Z INFO ConfigurationStore] stored True
[2026-03-30 18:30:04Z INFO CredentialManager] GetCredentialProvider
[2026-03-30 18:30:04Z INFO CredentialManager] Creating type OAuth
[2026-03-30 18:30:04Z INFO CredentialManager] Creating credential type: OAuth
[2026-03-30 18:30:04Z INFO HostContext] Well known directory 'Bin': 'D:\vscprojects\NSTA\py-greetings-ppln\actions-runner\bin'
[2026-03-30 18:30:04Z INFO HostContext] Well known directory 'Root': 'D:\vscprojects\NSTA\py-greetings-ppln\actions-runner'
[2026-03-30 18:30:04Z INFO HostContext] Well known config file 'RSACredentials': 'D:\vscprojects\NSTA\py-greetings-ppln\actions-runner\.credentials_rsaparams'
[2026-03-30 18:30:04Z INFO RSAEncryptedFileKeyManager] Loading RSA key parameters from file D:\vscprojects\NSTA\py-greetings-ppln\actions-runner\.credentials_rsaparams
[2026-03-30 18:30:04Z INFO BrokerMessageListener] Attempt to create session.
[2026-03-30 18:30:04Z INFO BrokerMessageListener] Connecting to the Broker Server...
[2026-03-30 18:30:04Z INFO ConfigurationStore] HasCredentials()
[2026-03-30 18:30:04Z INFO ConfigurationStore] stored True
[2026-03-30 18:30:04Z INFO CredentialManager] GetCredentialProvider
[2026-03-30 18:30:04Z INFO CredentialManager] Creating type OAuth
[2026-03-30 18:30:04Z INFO CredentialManager] Creating credential type: OAuth
[2026-03-30 18:30:04Z INFO RSAEncryptedFileKeyManager] Loading RSA key parameters from file D:\vscprojects\NSTA\py-greetings-ppln\actions-runner\.credentials_rsaparams
[2026-03-30 18:30:04Z INFO BrokerMessageListener] VssConnection created
[2026-03-30 18:30:04Z INFO BrokerMessageListener] Connecting to the Runner server...
[2026-03-30 18:30:04Z INFO RunnerServer] EstablishVssConnection
[2026-03-30 18:30:04Z INFO RunnerServer] Establish connection with 100 seconds timeout.
[2026-03-30 18:30:04Z INFO GitHubActionsService] Starting operation Location.GetConnectionData
[2026-03-30 18:30:04Z INFO RunnerServer] EstablishVssConnection
[2026-03-30 18:30:04Z INFO RunnerServer] Establish connection with 60 seconds timeout.
[2026-03-30 18:30:04Z INFO GitHubActionsService] Starting operation Location.GetConnectionData
[2026-03-30 18:30:04Z INFO RunnerServer] EstablishVssConnection
[2026-03-30 18:30:04Z INFO RunnerServer] Establish connection with 60 seconds timeout.
[2026-03-30 18:30:04Z INFO GitHubActionsService] Starting operation Location.GetConnectionData
[2026-03-30 18:30:05Z INFO GitHubActionsService] Finished operation Location.GetConnectionData
[2026-03-30 18:30:05Z INFO GitHubActionsService] Finished operation Location.GetConnectionData
[2026-03-30 18:30:05Z INFO GitHubActionsService] Finished operation Location.GetConnectionData
[2026-03-30 18:30:05Z INFO BrokerMessageListener] VssConnection created
[2026-03-30 18:30:05Z INFO Terminal] WRITE LINE: 
[2026-03-30 18:30:05Z INFO Terminal] WRITE LINE: 
[2026-03-30 18:30:05Z INFO RSAEncryptedFileKeyManager] Loading RSA key parameters from file D:\vscprojects\NSTA\py-greetings-ppln\actions-runner\.credentials_rsaparams
[2026-03-30 18:30:05Z INFO RSAEncryptedFileKeyManager] Loading RSA key parameters from file D:\vscprojects\NSTA\py-greetings-ppln\actions-runner\.credentials_rsaparams
[2026-03-30 18:30:05Z INFO GitHubActionsService] AAD Correlation ID for this token request: Unknown
[2026-03-30 18:30:06Z INFO BrokerMessageListener] Session created.
[2026-03-30 18:30:06Z INFO Terminal] WRITE LINE: Current runner version: '2.333.0'
[2026-03-30 18:30:06Z INFO Terminal] WRITE LINE: 2026-03-30 18:30:06Z: Listening for Jobs
[2026-03-30 18:30:06Z INFO JobDispatcher] Set runner/worker IPC timeout to 30 seconds.
[2026-03-30 18:32:10Z INFO BrokerMessageListener] Acknowledging runner request 'd02439e2-3086-51e8-bf2a-bc185c8a26b0'.
[2026-03-30 18:32:10Z INFO ConfigurationStore] HasCredentials()
[2026-03-30 18:32:10Z INFO ConfigurationStore] stored True
[2026-03-30 18:32:10Z INFO CredentialManager] GetCredentialProvider
[2026-03-30 18:32:10Z INFO CredentialManager] Creating type OAuth
[2026-03-30 18:32:10Z INFO CredentialManager] Creating credential type: OAuth
[2026-03-30 18:32:10Z INFO RSAEncryptedFileKeyManager] Loading RSA key parameters from file D:\vscprojects\NSTA\py-greetings-ppln\actions-runner\.credentials_rsaparams
[2026-03-30 18:32:10Z INFO RSAEncryptedFileKeyManager] Loading RSA key parameters from file D:\vscprojects\NSTA\py-greetings-ppln\actions-runner\.credentials_rsaparams
[2026-03-30 18:32:10Z INFO RSAEncryptedFileKeyManager] Loading RSA key parameters from file D:\vscprojects\NSTA\py-greetings-ppln\actions-runner\.credentials_rsaparams
[2026-03-30 18:32:11Z INFO GitHubActionsService] AAD Correlation ID for this token request: Unknown
[2026-03-30 18:32:12Z INFO JobDispatcher] Job request 0 for plan fc62064c-4169-448e-af5e-df0884f9e91e job d02439e2-3086-51e8-bf2a-bc185c8a26b0 received.
[2026-03-30 18:32:12Z INFO JobDispatcher] Pull OrchestrationId fc62064c-4169-448e-af5e-df0884f9e91e.install-pip-deps.__default from JWT claims
[2026-03-30 18:32:12Z INFO BrokerMessageListener] Received job status event. JobState: Busy
[2026-03-30 18:32:12Z INFO BrokerMessageListener] _getMessagesTokenSource is already disposed.
[2026-03-30 18:32:12Z INFO Terminal] WRITE LINE: 2026-03-30 18:32:12Z: Running job: install-pip-deps
[2026-03-30 18:32:12Z INFO JobDispatcher] Start renew job request 0 for job d02439e2-3086-51e8-bf2a-bc185c8a26b0.
[2026-03-30 18:32:12Z INFO JobDispatcher] Successfully renew job d02439e2-3086-51e8-bf2a-bc185c8a26b0, job is valid till 30.03.2026 18:40:24
[2026-03-30 18:32:12Z INFO HostContext] Well known directory 'Bin': 'D:\vscprojects\NSTA\py-greetings-ppln\actions-runner\bin'
[2026-03-30 18:32:12Z INFO ProcessInvokerWrapper] Starting process:
[2026-03-30 18:32:12Z INFO ProcessInvokerWrapper]   File name: 'D:\vscprojects\NSTA\py-greetings-ppln\actions-runner\bin\Runner.Worker.exe'
[2026-03-30 18:32:12Z INFO ProcessInvokerWrapper]   Arguments: 'spawnclient 2288 2300'
[2026-03-30 18:32:12Z INFO ProcessInvokerWrapper]   Working directory: 'D:\vscprojects\NSTA\py-greetings-ppln\actions-runner\bin'
[2026-03-30 18:32:12Z INFO ProcessInvokerWrapper]   Require exit code zero: 'False'
[2026-03-30 18:32:12Z INFO ProcessInvokerWrapper]   Encoding web name:  ; code page: ''
[2026-03-30 18:32:12Z INFO ProcessInvokerWrapper]   Force kill process on cancellation: 'True'
[2026-03-30 18:32:12Z INFO ProcessInvokerWrapper]   Redirected STDIN: 'False'
[2026-03-30 18:32:12Z INFO ProcessInvokerWrapper]   Persist current code page: 'False'
[2026-03-30 18:32:12Z INFO ProcessInvokerWrapper]   Keep redirected STDIN open: 'False'
[2026-03-30 18:32:12Z INFO ProcessInvokerWrapper]   High priority process: 'True'
[2026-03-30 18:32:12Z INFO ProcessInvokerWrapper] Process started with process id 35636, waiting for process exit.
[2026-03-30 18:32:12Z INFO JobDispatcher] Send job request message to worker for job d02439e2-3086-51e8-bf2a-bc185c8a26b0.
[2026-03-30 18:32:12Z INFO ProcessChannel] Sending message of length 20695, with hash '4fcf033f553bee7b14f1b53234ad2aa9ff77d894cc1a8bde31a5754c1193b2a2'
[2026-03-30 18:32:12Z INFO JobNotification] Entering JobStarted Notification
[2026-03-30 18:32:12Z INFO JobNotification] Entering StartMonitor
[2026-03-30 18:33:00Z INFO ProcessInvokerWrapper] STDOUT/STDERR stream read finished.
[2026-03-30 18:33:00Z INFO ProcessInvokerWrapper] STDOUT/STDERR stream read finished.
[2026-03-30 18:33:00Z INFO ProcessInvokerWrapper] Finished process 35636 with exit code 102, and elapsed time 00:00:47.6495200.
[2026-03-30 18:33:00Z INFO JobDispatcher] Worker finished for job d02439e2-3086-51e8-bf2a-bc185c8a26b0. Code: 102
[2026-03-30 18:33:00Z INFO JobDispatcher] finish job request for job d02439e2-3086-51e8-bf2a-bc185c8a26b0 with result: Failed
[2026-03-30 18:33:00Z INFO Terminal] WRITE LINE: 2026-03-30 18:33:00Z: Job install-pip-deps completed with result: Failed
[2026-03-30 18:33:00Z INFO JobDispatcher] Stop renew job request for job d02439e2-3086-51e8-bf2a-bc185c8a26b0.
[2026-03-30 18:33:00Z INFO JobDispatcher] job renew has been cancelled, stop renew job d02439e2-3086-51e8-bf2a-bc185c8a26b0.
[2026-03-30 18:33:00Z INFO JobNotification] Entering JobCompleted Notification
[2026-03-30 18:33:00Z INFO JobNotification] Entering EndMonitor
[2026-03-30 18:33:00Z INFO BrokerMessageListener] Received job status event. JobState: Online
[2026-03-30 18:33:00Z WARN GitHubActionsService] GET request to https://broker.actions.githubusercontent.com/message?sessionId=7d40db23-71ed-455d-abae-9367450ff1fc&status=Busy&runnerVersion=2.333.0&os=Windows&architecture=X64&disableUpdate=false has been cancelled.
[2026-03-30 18:33:00Z ERR  BrokerServer] Catch exception during request
[2026-03-30 18:33:00Z ERR  BrokerServer] System.Threading.Tasks.TaskCanceledException: The operation was canceled.
 ---> System.Threading.Tasks.TaskCanceledException: The operation was canceled.
 ---> System.IO.IOException: Unable to read data from the transport connection: Операция ввода/вывода была прервана из-за завершения потока команд или по запросу приложения..
 ---> System.Net.Sockets.SocketException (995): Операция ввода/вывода была прервана из-за завершения потока команд или по запросу приложения.
   --- End of inner exception stack trace ---
   at System.Net.Sockets.Socket.AwaitableSocketAsyncEventArgs.ThrowException(SocketError error, CancellationToken cancellationToken)
   at System.Net.Sockets.Socket.AwaitableSocketAsyncEventArgs.System.Threading.Tasks.Sources.IValueTaskSource<System.Int32>.GetResult(Int16 token)
   at System.Net.Security.SslStream.EnsureFullTlsFrameAsync[TIOAdapter](CancellationToken cancellationToken, Int32 estimatedSize)
   at System.Runtime.CompilerServices.PoolingAsyncValueTaskMethodBuilder`1.StateMachineBox`1.System.Threading.Tasks.Sources.IValueTaskSource<TResult>.GetResult(Int16 token)
   at System.Net.Security.SslStream.ReadAsyncInternal[TIOAdapter](Memory`1 buffer, CancellationToken cancellationToken)
   at System.Runtime.CompilerServices.PoolingAsyncValueTaskMethodBuilder`1.StateMachineBox`1.System.Threading.Tasks.Sources.IValueTaskSource<TResult>.GetResult(Int16 token)
   at System.Net.Http.HttpConnection.SendAsync(HttpRequestMessage request, Boolean async, CancellationToken cancellationToken)
   --- End of inner exception stack trace ---
   at System.Net.Http.HttpConnection.SendAsync(HttpRequestMessage request, Boolean async, CancellationToken cancellationToken)
   at System.Net.Http.AuthenticationHelper.SendWithNtAuthAsync(HttpRequestMessage request, Uri authUri, Boolean async, ICredentials credentials, Boolean isProxyAuth, HttpConnection connection, HttpConnectionPool connectionPool, CancellationToken cancellationToken)
   at System.Net.Http.HttpConnectionPool.SendWithVersionDetectionAndRetryAsync(HttpRequestMessage request, Boolean async, Boolean doRequestAuth, CancellationToken cancellationToken)
   at System.Net.Http.AuthenticationHelper.SendWithAuthAsync(HttpRequestMessage request, Uri authUri, Boolean async, ICredentials credentials, Boolean preAuthenticate, Boolean isProxyAuth, Boolean doRequestAuth, HttpConnectionPool pool, CancellationToken cancellationToken)
   at System.Net.Http.RedirectHandler.SendAsync(HttpRequestMessage request, Boolean async, CancellationToken cancellationToken)
   at GitHub.Services.Common.RawHttpMessageHandler.SendAsync(HttpRequestMessage request, CancellationToken cancellationToken)
   at GitHub.Services.Common.VssHttpRetryMessageHandler.SendAsync(HttpRequestMessage request, CancellationToken cancellationToken)
   at System.Net.Http.HttpClient.<SendAsync>g__Core|83_0(HttpRequestMessage request, HttpCompletionOption completionOption, CancellationTokenSource cts, Boolean disposeCts, CancellationTokenSource pendingRequestsCts, CancellationToken originalCancellationToken)
   --- End of inner exception stack trace ---
   at System.Net.Http.HttpClient.HandleFailure(Exception e, Boolean telemetryStarted, HttpResponseMessage response, CancellationTokenSource cts, CancellationToken cancellationToken, CancellationTokenSource pendingRequestsCts)
   at System.Net.Http.HttpClient.<SendAsync>g__Core|83_0(HttpRequestMessage request, HttpCompletionOption completionOption, CancellationTokenSource cts, Boolean disposeCts, CancellationTokenSource pendingRequestsCts, CancellationToken originalCancellationToken)
   at Sdk.WebApi.WebApi.RawHttpClientBase.SendAsync(HttpRequestMessage message, HttpCompletionOption completionOption, Object userState, CancellationToken cancellationToken)
   at Sdk.WebApi.WebApi.RawHttpClientBase.SendAsync[T](HttpRequestMessage message, Boolean readErrorBody, Object userState, CancellationToken cancellationToken)
   at Sdk.WebApi.WebApi.RawHttpClientBase.SendAsync[T](HttpMethod method, IEnumerable`1 additionalHeaders, Uri requestUri, HttpContent content, IEnumerable`1 queryParameters, Boolean readErrorBody, Object userState, CancellationToken cancellationToken)
   at GitHub.Actions.RunService.WebApi.BrokerHttpClient.GetRunnerMessageAsync(Nullable`1 sessionId, String runnerVersion, Nullable`1 status, String os, String architecture, Nullable`1 disableUpdate, CancellationToken cancellationToken)
   at GitHub.Runner.Common.BrokerServer.<>c__DisplayClass7_0.<<GetRunnerMessageAsync>b__0>d.MoveNext()
--- End of stack trace from previous location ---
   at GitHub.Runner.Common.RunnerService.RetryRequest[T](Func`1 func, CancellationToken cancellationToken, Int32 maxAttempts, Func`2 shouldRetry)
[2026-03-30 18:33:00Z ERR  BrokerServer] #####################################################
[2026-03-30 18:33:00Z ERR  BrokerServer] System.Threading.Tasks.TaskCanceledException: The operation was canceled.
 ---> System.IO.IOException: Unable to read data from the transport connection: Операция ввода/вывода была прервана из-за завершения потока команд или по запросу приложения..
 ---> System.Net.Sockets.SocketException (995): Операция ввода/вывода была прервана из-за завершения потока команд или по запросу приложения.
   --- End of inner exception stack trace ---
   at System.Net.Sockets.Socket.AwaitableSocketAsyncEventArgs.ThrowException(SocketError error, CancellationToken cancellationToken)
   at System.Net.Sockets.Socket.AwaitableSocketAsyncEventArgs.System.Threading.Tasks.Sources.IValueTaskSource<System.Int32>.GetResult(Int16 token)
   at System.Net.Security.SslStream.EnsureFullTlsFrameAsync[TIOAdapter](CancellationToken cancellationToken, Int32 estimatedSize)
   at System.Runtime.CompilerServices.PoolingAsyncValueTaskMethodBuilder`1.StateMachineBox`1.System.Threading.Tasks.Sources.IValueTaskSource<TResult>.GetResult(Int16 token)
   at System.Net.Security.SslStream.ReadAsyncInternal[TIOAdapter](Memory`1 buffer, CancellationToken cancellationToken)
   at System.Runtime.CompilerServices.PoolingAsyncValueTaskMethodBuilder`1.StateMachineBox`1.System.Threading.Tasks.Sources.IValueTaskSource<TResult>.GetResult(Int16 token)
   at System.Net.Http.HttpConnection.SendAsync(HttpRequestMessage request, Boolean async, CancellationToken cancellationToken)
   --- End of inner exception stack trace ---
   at System.Net.Http.HttpConnection.SendAsync(HttpRequestMessage request, Boolean async, CancellationToken cancellationToken)
   at System.Net.Http.AuthenticationHelper.SendWithNtAuthAsync(HttpRequestMessage request, Uri authUri, Boolean async, ICredentials credentials, Boolean isProxyAuth, HttpConnection connection, HttpConnectionPool connectionPool, CancellationToken cancellationToken)
   at System.Net.Http.HttpConnectionPool.SendWithVersionDetectionAndRetryAsync(HttpRequestMessage request, Boolean async, Boolean doRequestAuth, CancellationToken cancellationToken)
   at System.Net.Http.AuthenticationHelper.SendWithAuthAsync(HttpRequestMessage request, Uri authUri, Boolean async, ICredentials credentials, Boolean preAuthenticate, Boolean isProxyAuth, Boolean doRequestAuth, HttpConnectionPool pool, CancellationToken cancellationToken)
   at System.Net.Http.RedirectHandler.SendAsync(HttpRequestMessage request, Boolean async, CancellationToken cancellationToken)
   at GitHub.Services.Common.RawHttpMessageHandler.SendAsync(HttpRequestMessage request, CancellationToken cancellationToken)
   at GitHub.Services.Common.VssHttpRetryMessageHandler.SendAsync(HttpRequestMessage request, CancellationToken cancellationToken)
   at System.Net.Http.HttpClient.<SendAsync>g__Core|83_0(HttpRequestMessage request, HttpCompletionOption completionOption, CancellationTokenSource cts, Boolean disposeCts, CancellationTokenSource pendingRequestsCts, CancellationToken originalCancellationToken)
[2026-03-30 18:33:00Z ERR  BrokerServer] #####################################################
[2026-03-30 18:33:00Z ERR  BrokerServer] System.IO.IOException: Unable to read data from the transport connection: Операция ввода/вывода была прервана из-за завершения потока команд или по запросу приложения..
 ---> System.Net.Sockets.SocketException (995): Операция ввода/вывода была прервана из-за завершения потока команд или по запросу приложения.
   --- End of inner exception stack trace ---
   at System.Net.Sockets.Socket.AwaitableSocketAsyncEventArgs.ThrowException(SocketError error, CancellationToken cancellationToken)
   at System.Net.Sockets.Socket.AwaitableSocketAsyncEventArgs.System.Threading.Tasks.Sources.IValueTaskSource<System.Int32>.GetResult(Int16 token)
   at System.Net.Security.SslStream.EnsureFullTlsFrameAsync[TIOAdapter](CancellationToken cancellationToken, Int32 estimatedSize)
   at System.Runtime.CompilerServices.PoolingAsyncValueTaskMethodBuilder`1.StateMachineBox`1.System.Threading.Tasks.Sources.IValueTaskSource<TResult>.GetResult(Int16 token)
   at System.Net.Security.SslStream.ReadAsyncInternal[TIOAdapter](Memory`1 buffer, CancellationToken cancellationToken)
   at System.Runtime.CompilerServices.PoolingAsyncValueTaskMethodBuilder`1.StateMachineBox`1.System.Threading.Tasks.Sources.IValueTaskSource<TResult>.GetResult(Int16 token)
   at System.Net.Http.HttpConnection.SendAsync(HttpRequestMessage request, Boolean async, CancellationToken cancellationToken)
[2026-03-30 18:33:00Z ERR  BrokerServer] #####################################################
[2026-03-30 18:33:00Z ERR  BrokerServer] System.Net.Sockets.SocketException (995): Операция ввода/вывода была прервана из-за завершения потока команд или по запросу приложения.
[2026-03-30 18:33:00Z WARN BrokerServer] Back off 14,301 seconds before next retry. 4 attempt left.
[2026-03-30 18:33:00Z INFO BrokerMessageListener] Get messages has been cancelled using local token source. Continue to get messages with new status.
[2026-03-30 18:34:49Z INFO BrokerMessageListener] Acknowledging runner request '82e2169e-7669-53d0-b878-0a30467716f9'.
[2026-03-30 18:34:49Z INFO ConfigurationStore] HasCredentials()
[2026-03-30 18:34:49Z INFO ConfigurationStore] stored True
[2026-03-30 18:34:49Z INFO CredentialManager] GetCredentialProvider
[2026-03-30 18:34:49Z INFO CredentialManager] Creating type OAuth
[2026-03-30 18:34:49Z INFO CredentialManager] Creating credential type: OAuth
[2026-03-30 18:34:49Z INFO RSAEncryptedFileKeyManager] Loading RSA key parameters from file D:\vscprojects\NSTA\py-greetings-ppln\actions-runner\.credentials_rsaparams
[2026-03-30 18:34:49Z INFO RSAEncryptedFileKeyManager] Loading RSA key parameters from file D:\vscprojects\NSTA\py-greetings-ppln\actions-runner\.credentials_rsaparams
[2026-03-30 18:34:49Z INFO RSAEncryptedFileKeyManager] Loading RSA key parameters from file D:\vscprojects\NSTA\py-greetings-ppln\actions-runner\.credentials_rsaparams
[2026-03-30 18:34:50Z INFO GitHubActionsService] AAD Correlation ID for this token request: Unknown
[2026-03-30 18:34:50Z INFO JobDispatcher] Job request 0 for plan 6cd0d0c1-91a2-4023-90ce-3f3f7f7c2602 job 82e2169e-7669-53d0-b878-0a30467716f9 received.
[2026-03-30 18:34:50Z INFO JobDispatcher] Pull OrchestrationId 6cd0d0c1-91a2-4023-90ce-3f3f7f7c2602.install-pip-deps.__default from JWT claims
[2026-03-30 18:34:50Z INFO BrokerMessageListener] Received job status event. JobState: Busy
[2026-03-30 18:34:50Z INFO BrokerMessageListener] _getMessagesTokenSource is already disposed.
[2026-03-30 18:34:50Z INFO JobDispatcher] Job request d02439e2-3086-51e8-bf2a-bc185c8a26b0 processed succeed.
[2026-03-30 18:34:50Z INFO Terminal] WRITE LINE: 2026-03-30 18:34:50Z: Running job: install-pip-deps
[2026-03-30 18:34:50Z INFO JobDispatcher] Start renew job request 0 for job 82e2169e-7669-53d0-b878-0a30467716f9.
[2026-03-30 18:34:51Z INFO JobDispatcher] Successfully renew job 82e2169e-7669-53d0-b878-0a30467716f9, job is valid till 30.03.2026 18:43:03
[2026-03-30 18:34:51Z INFO HostContext] Well known directory 'Bin': 'D:\vscprojects\NSTA\py-greetings-ppln\actions-runner\bin'
[2026-03-30 18:34:51Z INFO ProcessInvokerWrapper] Starting process:
[2026-03-30 18:34:51Z INFO ProcessInvokerWrapper]   File name: 'D:\vscprojects\NSTA\py-greetings-ppln\actions-runner\bin\Runner.Worker.exe'
[2026-03-30 18:34:51Z INFO ProcessInvokerWrapper]   Arguments: 'spawnclient 1456 2080'
[2026-03-30 18:34:51Z INFO ProcessInvokerWrapper]   Working directory: 'D:\vscprojects\NSTA\py-greetings-ppln\actions-runner\bin'
[2026-03-30 18:34:51Z INFO ProcessInvokerWrapper]   Require exit code zero: 'False'
[2026-03-30 18:34:51Z INFO ProcessInvokerWrapper]   Encoding web name:  ; code page: ''
[2026-03-30 18:34:51Z INFO ProcessInvokerWrapper]   Force kill process on cancellation: 'True'
[2026-03-30 18:34:51Z INFO ProcessInvokerWrapper]   Redirected STDIN: 'False'
[2026-03-30 18:34:51Z INFO ProcessInvokerWrapper]   Persist current code page: 'False'
[2026-03-30 18:34:51Z INFO ProcessInvokerWrapper]   Keep redirected STDIN open: 'False'
[2026-03-30 18:34:51Z INFO ProcessInvokerWrapper]   High priority process: 'True'
[2026-03-30 18:34:51Z INFO ProcessInvokerWrapper] Process started with process id 24564, waiting for process exit.
[2026-03-30 18:34:51Z INFO JobDispatcher] Send job request message to worker for job 82e2169e-7669-53d0-b878-0a30467716f9.
[2026-03-30 18:34:51Z INFO ProcessChannel] Sending message of length 20650, with hash '5001e6eff156e9a89b486b6957eaeaf24b1cd8f2989124c9633ac3b3965c1558'
[2026-03-30 18:34:51Z INFO JobNotification] Entering JobStarted Notification
[2026-03-30 18:34:51Z INFO JobNotification] Entering StartMonitor
[2026-03-30 18:35:32Z INFO ProcessInvokerWrapper] STDOUT/STDERR stream read finished.
[2026-03-30 18:35:32Z INFO ProcessInvokerWrapper] STDOUT/STDERR stream read finished.
[2026-03-30 18:35:32Z INFO ProcessInvokerWrapper] Finished process 24564 with exit code 102, and elapsed time 00:00:41.6357645.
[2026-03-30 18:35:32Z INFO JobDispatcher] Worker finished for job 82e2169e-7669-53d0-b878-0a30467716f9. Code: 102
[2026-03-30 18:35:32Z INFO JobDispatcher] finish job request for job 82e2169e-7669-53d0-b878-0a30467716f9 with result: Failed
[2026-03-30 18:35:32Z INFO Terminal] WRITE LINE: 2026-03-30 18:35:32Z: Job install-pip-deps completed with result: Failed
[2026-03-30 18:35:32Z INFO JobDispatcher] Stop renew job request for job 82e2169e-7669-53d0-b878-0a30467716f9.
[2026-03-30 18:35:32Z INFO JobDispatcher] job renew has been cancelled, stop renew job 82e2169e-7669-53d0-b878-0a30467716f9.
[2026-03-30 18:35:32Z INFO JobNotification] Entering JobCompleted Notification
[2026-03-30 18:35:32Z INFO JobNotification] Entering EndMonitor
[2026-03-30 18:35:32Z INFO BrokerMessageListener] Received job status event. JobState: Online
[2026-03-30 18:35:32Z WARN GitHubActionsService] GET request to https://broker.actions.githubusercontent.com/message?sessionId=7d40db23-71ed-455d-abae-9367450ff1fc&status=Busy&runnerVersion=2.333.0&os=Windows&architecture=X64&disableUpdate=false has been cancelled.
[2026-03-30 18:35:32Z ERR  BrokerServer] Catch exception during request
[2026-03-30 18:35:32Z ERR  BrokerServer] System.Threading.Tasks.TaskCanceledException: The operation was canceled.
 ---> System.Threading.Tasks.TaskCanceledException: The operation was canceled.
 ---> System.IO.IOException: Unable to read data from the transport connection: Операция ввода/вывода была прервана из-за завершения потока команд или по запросу приложения..
 ---> System.Net.Sockets.SocketException (995): Операция ввода/вывода была прервана из-за завершения потока команд или по запросу приложения.
   --- End of inner exception stack trace ---
   at System.Net.Sockets.Socket.AwaitableSocketAsyncEventArgs.ThrowException(SocketError error, CancellationToken cancellationToken)
   at System.Net.Sockets.Socket.AwaitableSocketAsyncEventArgs.System.Threading.Tasks.Sources.IValueTaskSource<System.Int32>.GetResult(Int16 token)
   at System.Net.Security.SslStream.EnsureFullTlsFrameAsync[TIOAdapter](CancellationToken cancellationToken, Int32 estimatedSize)
   at System.Runtime.CompilerServices.PoolingAsyncValueTaskMethodBuilder`1.StateMachineBox`1.System.Threading.Tasks.Sources.IValueTaskSource<TResult>.GetResult(Int16 token)
   at System.Net.Security.SslStream.ReadAsyncInternal[TIOAdapter](Memory`1 buffer, CancellationToken cancellationToken)
   at System.Runtime.CompilerServices.PoolingAsyncValueTaskMethodBuilder`1.StateMachineBox`1.System.Threading.Tasks.Sources.IValueTaskSource<TResult>.GetResult(Int16 token)
   at System.Net.Http.HttpConnection.<EnsureReadAheadTaskHasStarted>g__ReadAheadWithZeroByteReadAsync|40_0()
   at System.Net.Http.HttpConnection.SendAsync(HttpRequestMessage request, Boolean async, CancellationToken cancellationToken)
   --- End of inner exception stack trace ---
   at System.Net.Http.HttpConnection.SendAsync(HttpRequestMessage request, Boolean async, CancellationToken cancellationToken)
   at System.Net.Http.AuthenticationHelper.SendWithNtAuthAsync(HttpRequestMessage request, Uri authUri, Boolean async, ICredentials credentials, Boolean isProxyAuth, HttpConnection connection, HttpConnectionPool connectionPool, CancellationToken cancellationToken)
   at System.Net.Http.HttpConnectionPool.SendWithVersionDetectionAndRetryAsync(HttpRequestMessage request, Boolean async, Boolean doRequestAuth, CancellationToken cancellationToken)
   at System.Net.Http.AuthenticationHelper.SendWithAuthAsync(HttpRequestMessage request, Uri authUri, Boolean async, ICredentials credentials, Boolean preAuthenticate, Boolean isProxyAuth, Boolean doRequestAuth, HttpConnectionPool pool, CancellationToken cancellationToken)
   at System.Net.Http.RedirectHandler.SendAsync(HttpRequestMessage request, Boolean async, CancellationToken cancellationToken)
   at GitHub.Services.Common.RawHttpMessageHandler.SendAsync(HttpRequestMessage request, CancellationToken cancellationToken)
   at GitHub.Services.Common.VssHttpRetryMessageHandler.SendAsync(HttpRequestMessage request, CancellationToken cancellationToken)
   at System.Net.Http.HttpClient.<SendAsync>g__Core|83_0(HttpRequestMessage request, HttpCompletionOption completionOption, CancellationTokenSource cts, Boolean disposeCts, CancellationTokenSource pendingRequestsCts, CancellationToken originalCancellationToken)
   --- End of inner exception stack trace ---
   at System.Net.Http.HttpClient.HandleFailure(Exception e, Boolean telemetryStarted, HttpResponseMessage response, CancellationTokenSource cts, CancellationToken cancellationToken, CancellationTokenSource pendingRequestsCts)
   at System.Net.Http.HttpClient.<SendAsync>g__Core|83_0(HttpRequestMessage request, HttpCompletionOption completionOption, CancellationTokenSource cts, Boolean disposeCts, CancellationTokenSource pendingRequestsCts, CancellationToken originalCancellationToken)
   at Sdk.WebApi.WebApi.RawHttpClientBase.SendAsync(HttpRequestMessage message, HttpCompletionOption completionOption, Object userState, CancellationToken cancellationToken)
   at Sdk.WebApi.WebApi.RawHttpClientBase.SendAsync[T](HttpRequestMessage message, Boolean readErrorBody, Object userState, CancellationToken cancellationToken)
   at Sdk.WebApi.WebApi.RawHttpClientBase.SendAsync[T](HttpMethod method, IEnumerable`1 additionalHeaders, Uri requestUri, HttpContent content, IEnumerable`1 queryParameters, Boolean readErrorBody, Object userState, CancellationToken cancellationToken)
   at GitHub.Actions.RunService.WebApi.BrokerHttpClient.GetRunnerMessageAsync(Nullable`1 sessionId, String runnerVersion, Nullable`1 status, String os, String architecture, Nullable`1 disableUpdate, CancellationToken cancellationToken)
   at GitHub.Runner.Common.BrokerServer.<>c__DisplayClass7_0.<<GetRunnerMessageAsync>b__0>d.MoveNext()
--- End of stack trace from previous location ---
   at GitHub.Runner.Common.RunnerService.RetryRequest[T](Func`1 func, CancellationToken cancellationToken, Int32 maxAttempts, Func`2 shouldRetry)
[2026-03-30 18:35:32Z ERR  BrokerServer] #####################################################
[2026-03-30 18:35:32Z ERR  BrokerServer] System.Threading.Tasks.TaskCanceledException: The operation was canceled.
 ---> System.IO.IOException: Unable to read data from the transport connection: Операция ввода/вывода была прервана из-за завершения потока команд или по запросу приложения..
 ---> System.Net.Sockets.SocketException (995): Операция ввода/вывода была прервана из-за завершения потока команд или по запросу приложения.
   --- End of inner exception stack trace ---
   at System.Net.Sockets.Socket.AwaitableSocketAsyncEventArgs.ThrowException(SocketError error, CancellationToken cancellationToken)
   at System.Net.Sockets.Socket.AwaitableSocketAsyncEventArgs.System.Threading.Tasks.Sources.IValueTaskSource<System.Int32>.GetResult(Int16 token)
   at System.Net.Security.SslStream.EnsureFullTlsFrameAsync[TIOAdapter](CancellationToken cancellationToken, Int32 estimatedSize)
   at System.Runtime.CompilerServices.PoolingAsyncValueTaskMethodBuilder`1.StateMachineBox`1.System.Threading.Tasks.Sources.IValueTaskSource<TResult>.GetResult(Int16 token)
   at System.Net.Security.SslStream.ReadAsyncInternal[TIOAdapter](Memory`1 buffer, CancellationToken cancellationToken)
   at System.Runtime.CompilerServices.PoolingAsyncValueTaskMethodBuilder`1.StateMachineBox`1.System.Threading.Tasks.Sources.IValueTaskSource<TResult>.GetResult(Int16 token)
   at System.Net.Http.HttpConnection.<EnsureReadAheadTaskHasStarted>g__ReadAheadWithZeroByteReadAsync|40_0()
   at System.Net.Http.HttpConnection.SendAsync(HttpRequestMessage request, Boolean async, CancellationToken cancellationToken)
   --- End of inner exception stack trace ---
   at System.Net.Http.HttpConnection.SendAsync(HttpRequestMessage request, Boolean async, CancellationToken cancellationToken)
   at System.Net.Http.AuthenticationHelper.SendWithNtAuthAsync(HttpRequestMessage request, Uri authUri, Boolean async, ICredentials credentials, Boolean isProxyAuth, HttpConnection connection, HttpConnectionPool connectionPool, CancellationToken cancellationToken)
   at System.Net.Http.HttpConnectionPool.SendWithVersionDetectionAndRetryAsync(HttpRequestMessage request, Boolean async, Boolean doRequestAuth, CancellationToken cancellationToken)
   at System.Net.Http.AuthenticationHelper.SendWithAuthAsync(HttpRequestMessage request, Uri authUri, Boolean async, ICredentials credentials, Boolean preAuthenticate, Boolean isProxyAuth, Boolean doRequestAuth, HttpConnectionPool pool, CancellationToken cancellationToken)
   at System.Net.Http.RedirectHandler.SendAsync(HttpRequestMessage request, Boolean async, CancellationToken cancellationToken)
   at GitHub.Services.Common.RawHttpMessageHandler.SendAsync(HttpRequestMessage request, CancellationToken cancellationToken)
   at GitHub.Services.Common.VssHttpRetryMessageHandler.SendAsync(HttpRequestMessage request, CancellationToken cancellationToken)
   at System.Net.Http.HttpClient.<SendAsync>g__Core|83_0(HttpRequestMessage request, HttpCompletionOption completionOption, CancellationTokenSource cts, Boolean disposeCts, CancellationTokenSource pendingRequestsCts, CancellationToken originalCancellationToken)
[2026-03-30 18:35:32Z ERR  BrokerServer] #####################################################
[2026-03-30 18:35:32Z ERR  BrokerServer] System.IO.IOException: Unable to read data from the transport connection: Операция ввода/вывода была прервана из-за завершения потока команд или по запросу приложения..
 ---> System.Net.Sockets.SocketException (995): Операция ввода/вывода была прервана из-за завершения потока команд или по запросу приложения.
   --- End of inner exception stack trace ---
   at System.Net.Sockets.Socket.AwaitableSocketAsyncEventArgs.ThrowException(SocketError error, CancellationToken cancellationToken)
   at System.Net.Sockets.Socket.AwaitableSocketAsyncEventArgs.System.Threading.Tasks.Sources.IValueTaskSource<System.Int32>.GetResult(Int16 token)
   at System.Net.Security.SslStream.EnsureFullTlsFrameAsync[TIOAdapter](CancellationToken cancellationToken, Int32 estimatedSize)
   at System.Runtime.CompilerServices.PoolingAsyncValueTaskMethodBuilder`1.StateMachineBox`1.System.Threading.Tasks.Sources.IValueTaskSource<TResult>.GetResult(Int16 token)
   at System.Net.Security.SslStream.ReadAsyncInternal[TIOAdapter](Memory`1 buffer, CancellationToken cancellationToken)
   at System.Runtime.CompilerServices.PoolingAsyncValueTaskMethodBuilder`1.StateMachineBox`1.System.Threading.Tasks.Sources.IValueTaskSource<TResult>.GetResult(Int16 token)
   at System.Net.Http.HttpConnection.<EnsureReadAheadTaskHasStarted>g__ReadAheadWithZeroByteReadAsync|40_0()
   at System.Net.Http.HttpConnection.SendAsync(HttpRequestMessage request, Boolean async, CancellationToken cancellationToken)
[2026-03-30 18:35:32Z ERR  BrokerServer] #####################################################
[2026-03-30 18:35:32Z ERR  BrokerServer] System.Net.Sockets.SocketException (995): Операция ввода/вывода была прервана из-за завершения потока команд или по запросу приложения.
[2026-03-30 18:35:32Z WARN BrokerServer] Back off 10,717 seconds before next retry. 4 attempt left.
[2026-03-30 18:35:32Z INFO BrokerMessageListener] Get messages has been cancelled using local token source. Continue to get messages with new status.
[2026-03-30 18:36:28Z INFO Terminal] WRITE LINE: Exiting...
[2026-03-30 18:36:28Z INFO ConfigurationStore] IsServiceConfigured()
[2026-03-30 18:36:28Z INFO ConfigurationStore] IsServiceConfigured: False
[2026-03-30 18:36:28Z INFO HostContext] Runner will be shutdown for UserCancelled
[2026-03-30 18:36:28Z WARN GitHubActionsService] GET request to https://broker.actions.githubusercontent.com/message?sessionId=7d40db23-71ed-455d-abae-9367450ff1fc&status=Online&runnerVersion=2.333.0&os=Windows&architecture=X64&disableUpdate=false has been cancelled.
[2026-03-30 18:36:28Z ERR  BrokerServer] Catch exception during request
[2026-03-30 18:36:28Z ERR  BrokerServer] System.Threading.Tasks.TaskCanceledException: The operation was canceled.
 ---> System.Threading.Tasks.TaskCanceledException: The operation was canceled.
 ---> System.IO.IOException: Unable to read data from the transport connection: Операция ввода/вывода была прервана из-за завершения потока команд или по запросу приложения..
 ---> System.Net.Sockets.SocketException (995): Операция ввода/вывода была прервана из-за завершения потока команд или по запросу приложения.
   --- End of inner exception stack trace ---
   at System.Net.Sockets.Socket.AwaitableSocketAsyncEventArgs.System.Threading.Tasks.Sources.IValueTaskSource<System.Int32>.GetResult(Int16 token)
   at System.Net.Security.SslStream.EnsureFullTlsFrameAsync[TIOAdapter](CancellationToken cancellationToken, Int32 estimatedSize)
   at System.Runtime.CompilerServices.PoolingAsyncValueTaskMethodBuilder`1.StateMachineBox`1.System.Threading.Tasks.Sources.IValueTaskSource<TResult>.GetResult(Int16 token)
   at System.Net.Security.SslStream.ReadAsyncInternal[TIOAdapter](Memory`1 buffer, CancellationToken cancellationToken)
   at System.Runtime.CompilerServices.PoolingAsyncValueTaskMethodBuilder`1.StateMachineBox`1.System.Threading.Tasks.Sources.IValueTaskSource<TResult>.GetResult(Int16 token)
   at System.Net.Http.HttpConnection.SendAsync(HttpRequestMessage request, Boolean async, CancellationToken cancellationToken)
   --- End of inner exception stack trace ---
   at System.Net.Http.HttpConnection.SendAsync(HttpRequestMessage request, Boolean async, CancellationToken cancellationToken)
   at System.Net.Http.AuthenticationHelper.SendWithNtAuthAsync(HttpRequestMessage request, Uri authUri, Boolean async, ICredentials credentials, Boolean isProxyAuth, HttpConnection connection, HttpConnectionPool connectionPool, CancellationToken cancellationToken)
   at System.Net.Http.HttpConnectionPool.SendWithVersionDetectionAndRetryAsync(HttpRequestMessage request, Boolean async, Boolean doRequestAuth, CancellationToken cancellationToken)
   at System.Net.Http.AuthenticationHelper.SendWithAuthAsync(HttpRequestMessage request, Uri authUri, Boolean async, ICredentials credentials, Boolean preAuthenticate, Boolean isProxyAuth, Boolean doRequestAuth, HttpConnectionPool pool, CancellationToken cancellationToken)
   at System.Net.Http.RedirectHandler.SendAsync(HttpRequestMessage request, Boolean async, CancellationToken cancellationToken)
   at GitHub.Services.Common.RawHttpMessageHandler.SendAsync(HttpRequestMessage request, CancellationToken cancellationToken)
   at GitHub.Services.Common.VssHttpRetryMessageHandler.SendAsync(HttpRequestMessage request, CancellationToken cancellationToken)
   at System.Net.Http.HttpClient.<SendAsync>g__Core|83_0(HttpRequestMessage request, HttpCompletionOption completionOption, CancellationTokenSource cts, Boolean disposeCts, CancellationTokenSource pendingRequestsCts, CancellationToken originalCancellationToken)
   --- End of inner exception stack trace ---
   at System.Net.Http.HttpClient.HandleFailure(Exception e, Boolean telemetryStarted, HttpResponseMessage response, CancellationTokenSource cts, CancellationToken cancellationToken, CancellationTokenSource pendingRequestsCts)
   at System.Net.Http.HttpClient.<SendAsync>g__Core|83_0(HttpRequestMessage request, HttpCompletionOption completionOption, CancellationTokenSource cts, Boolean disposeCts, CancellationTokenSource pendingRequestsCts, CancellationToken originalCancellationToken)
   at Sdk.WebApi.WebApi.RawHttpClientBase.SendAsync(HttpRequestMessage message, HttpCompletionOption completionOption, Object userState, CancellationToken cancellationToken)
   at Sdk.WebApi.WebApi.RawHttpClientBase.SendAsync[T](HttpRequestMessage message, Boolean readErrorBody, Object userState, CancellationToken cancellationToken)
   at Sdk.WebApi.WebApi.RawHttpClientBase.SendAsync[T](HttpMethod method, IEnumerable`1 additionalHeaders, Uri requestUri, HttpContent content, IEnumerable`1 queryParameters, Boolean readErrorBody, Object userState, CancellationToken cancellationToken)
   at GitHub.Actions.RunService.WebApi.BrokerHttpClient.GetRunnerMessageAsync(Nullable`1 sessionId, String runnerVersion, Nullable`1 status, String os, String architecture, Nullable`1 disableUpdate, CancellationToken cancellationToken)
   at GitHub.Runner.Common.BrokerServer.<>c__DisplayClass7_0.<<GetRunnerMessageAsync>b__0>d.MoveNext()
--- End of stack trace from previous location ---
   at GitHub.Runner.Common.RunnerService.RetryRequest[T](Func`1 func, CancellationToken cancellationToken, Int32 maxAttempts, Func`2 shouldRetry)
[2026-03-30 18:36:28Z ERR  BrokerServer] #####################################################
[2026-03-30 18:36:28Z ERR  BrokerServer] System.Threading.Tasks.TaskCanceledException: The operation was canceled.
 ---> System.IO.IOException: Unable to read data from the transport connection: Операция ввода/вывода была прервана из-за завершения потока команд или по запросу приложения..
 ---> System.Net.Sockets.SocketException (995): Операция ввода/вывода была прервана из-за завершения потока команд или по запросу приложения.
   --- End of inner exception stack trace ---
   at System.Net.Sockets.Socket.AwaitableSocketAsyncEventArgs.System.Threading.Tasks.Sources.IValueTaskSource<System.Int32>.GetResult(Int16 token)
   at System.Net.Security.SslStream.EnsureFullTlsFrameAsync[TIOAdapter](CancellationToken cancellationToken, Int32 estimatedSize)
   at System.Runtime.CompilerServices.PoolingAsyncValueTaskMethodBuilder`1.StateMachineBox`1.System.Threading.Tasks.Sources.IValueTaskSource<TResult>.GetResult(Int16 token)
   at System.Net.Security.SslStream.ReadAsyncInternal[TIOAdapter](Memory`1 buffer, CancellationToken cancellationToken)
   at System.Runtime.CompilerServices.PoolingAsyncValueTaskMethodBuilder`1.StateMachineBox`1.System.Threading.Tasks.Sources.IValueTaskSource<TResult>.GetResult(Int16 token)
   at System.Net.Http.HttpConnection.SendAsync(HttpRequestMessage request, Boolean async, CancellationToken cancellationToken)
   --- End of inner exception stack trace ---
   at System.Net.Http.HttpConnection.SendAsync(HttpRequestMessage request, Boolean async, CancellationToken cancellationToken)
   at System.Net.Http.AuthenticationHelper.SendWithNtAuthAsync(HttpRequestMessage request, Uri authUri, Boolean async, ICredentials credentials, Boolean isProxyAuth, HttpConnection connection, HttpConnectionPool connectionPool, CancellationToken cancellationToken)
   at System.Net.Http.HttpConnectionPool.SendWithVersionDetectionAndRetryAsync(HttpRequestMessage request, Boolean async, Boolean doRequestAuth, CancellationToken cancellationToken)
   at System.Net.Http.AuthenticationHelper.SendWithAuthAsync(HttpRequestMessage request, Uri authUri, Boolean async, ICredentials credentials, Boolean preAuthenticate, Boolean isProxyAuth, Boolean doRequestAuth, HttpConnectionPool pool, CancellationToken cancellationToken)
   at System.Net.Http.RedirectHandler.SendAsync(HttpRequestMessage request, Boolean async, CancellationToken cancellationToken)
   at GitHub.Services.Common.RawHttpMessageHandler.SendAsync(HttpRequestMessage request, CancellationToken cancellationToken)
   at GitHub.Services.Common.VssHttpRetryMessageHandler.SendAsync(HttpRequestMessage request, CancellationToken cancellationToken)
   at System.Net.Http.HttpClient.<SendAsync>g__Core|83_0(HttpRequestMessage request, HttpCompletionOption completionOption, CancellationTokenSource cts, Boolean disposeCts, CancellationTokenSource pendingRequestsCts, CancellationToken originalCancellationToken)
[2026-03-30 18:36:28Z ERR  BrokerServer] #####################################################
[2026-03-30 18:36:28Z ERR  BrokerServer] System.IO.IOException: Unable to read data from the transport connection: Операция ввода/вывода была прервана из-за завершения потока команд или по запросу приложения..
 ---> System.Net.Sockets.SocketException (995): Операция ввода/вывода была прервана из-за завершения потока команд или по запросу приложения.
   --- End of inner exception stack trace ---
   at System.Net.Sockets.Socket.AwaitableSocketAsyncEventArgs.System.Threading.Tasks.Sources.IValueTaskSource<System.Int32>.GetResult(Int16 token)
   at System.Net.Security.SslStream.EnsureFullTlsFrameAsync[TIOAdapter](CancellationToken cancellationToken, Int32 estimatedSize)
   at System.Runtime.CompilerServices.PoolingAsyncValueTaskMethodBuilder`1.StateMachineBox`1.System.Threading.Tasks.Sources.IValueTaskSource<TResult>.GetResult(Int16 token)
   at System.Net.Security.SslStream.ReadAsyncInternal[TIOAdapter](Memory`1 buffer, CancellationToken cancellationToken)
   at System.Runtime.CompilerServices.PoolingAsyncValueTaskMethodBuilder`1.StateMachineBox`1.System.Threading.Tasks.Sources.IValueTaskSource<TResult>.GetResult(Int16 token)
   at System.Net.Http.HttpConnection.SendAsync(HttpRequestMessage request, Boolean async, CancellationToken cancellationToken)
[2026-03-30 18:36:28Z ERR  BrokerServer] #####################################################
[2026-03-30 18:36:28Z ERR  BrokerServer] System.Net.Sockets.SocketException (995): Операция ввода/вывода была прервана из-за завершения потока команд или по запросу приложения.
[2026-03-30 18:36:28Z WARN BrokerServer] Back off 9,687 seconds before next retry. 4 attempt left.
[2026-03-30 18:36:28Z INFO BrokerMessageListener] Get next message has been cancelled.
[2026-03-30 18:36:28Z INFO JobDispatcher] Shutting down JobDispatcher. Make sure all WorkerDispatcher has finished.
[2026-03-30 18:36:28Z INFO JobDispatcher] Ensure WorkerDispatcher for job 82e2169e-7669-53d0-b878-0a30467716f9 run to finish, cancel any running job.
[2026-03-30 18:36:28Z INFO JobDispatcher] Job request 82e2169e-7669-53d0-b878-0a30467716f9 processed succeed.
[2026-03-30 18:36:28Z INFO Runner] Deleting Runner Session...
[2026-03-30 18:36:29Z INFO Listener] Runner execution been cancelled.
