[2026-03-30 17:39:26Z INFO HostContext] No proxy settings were found based on environmental variables (http_proxy/https_proxy/HTTP_PROXY/HTTPS_PROXY)
[2026-03-30 17:39:26Z INFO HostContext] Well known directory 'Bin': 'D:\vscprojects\NSTA\py-greetings-ppln\actions-runner\bin'
[2026-03-30 17:39:26Z INFO HostContext] Well known directory 'Root': 'D:\vscprojects\NSTA\py-greetings-ppln\actions-runner'
[2026-03-30 17:39:26Z INFO HostContext] Well known config file 'Credentials': 'D:\vscprojects\NSTA\py-greetings-ppln\actions-runner\.credentials'
[2026-03-30 17:39:26Z INFO HostContext] Well known directory 'Bin': 'D:\vscprojects\NSTA\py-greetings-ppln\actions-runner\bin'
[2026-03-30 17:39:26Z INFO HostContext] Well known directory 'Root': 'D:\vscprojects\NSTA\py-greetings-ppln\actions-runner'
[2026-03-30 17:39:26Z INFO HostContext] Well known config file 'Runner': 'D:\vscprojects\NSTA\py-greetings-ppln\actions-runner\.runner'
[2026-03-30 17:39:26Z INFO Listener] Runner is built for Windows (X64) - win-x64.
[2026-03-30 17:39:26Z INFO Listener] RuntimeInformation: Microsoft Windows 10.0.26200.
[2026-03-30 17:39:26Z INFO Listener] Version: 2.333.0
[2026-03-30 17:39:26Z INFO Listener] Commit: 8d231aaf863e5fcdd02d35bdfda369feafd08adb
[2026-03-30 17:39:26Z INFO Listener] Culture: ru-RU
[2026-03-30 17:39:26Z INFO Listener] UI Culture: ru-RU
[2026-03-30 17:39:26Z INFO HostContext] Well known directory 'Bin': 'D:\vscprojects\NSTA\py-greetings-ppln\actions-runner\bin'
[2026-03-30 17:39:26Z INFO HostContext] Well known directory 'Root': 'D:\vscprojects\NSTA\py-greetings-ppln\actions-runner'
[2026-03-30 17:39:26Z INFO Listener] Validating directory permissions for: 'D:\vscprojects\NSTA\py-greetings-ppln\actions-runner'
[2026-03-30 17:39:26Z INFO CommandLineParser] Parse
[2026-03-30 17:39:26Z INFO CommandLineParser] Parsing 5 args
[2026-03-30 17:39:26Z INFO CommandLineParser] parsing argument
[2026-03-30 17:39:26Z INFO CommandLineParser] HasArgs: False
[2026-03-30 17:39:26Z INFO CommandLineParser] Adding Command: configure
[2026-03-30 17:39:26Z INFO CommandLineParser] parsing argument
[2026-03-30 17:39:26Z INFO CommandLineParser] HasArgs: True
[2026-03-30 17:39:26Z INFO CommandLineParser] arg: url
[2026-03-30 17:39:26Z INFO CommandLineParser] parsing argument
[2026-03-30 17:39:26Z INFO CommandLineParser] HasArgs: True
[2026-03-30 17:39:26Z INFO CommandLineParser] Adding option 'url': 'https://github.com/lvwonx/py-greetings-ppln'
[2026-03-30 17:39:26Z INFO CommandLineParser] parsing argument
[2026-03-30 17:39:26Z INFO CommandLineParser] HasArgs: True
[2026-03-30 17:39:26Z INFO CommandLineParser] arg: token
[2026-03-30 17:39:26Z INFO CommandLineParser] parsing argument
[2026-03-30 17:39:26Z INFO CommandLineParser] HasArgs: True
[2026-03-30 17:39:26Z INFO CommandLineParser] Adding option 'token': '***'
[2026-03-30 17:39:26Z INFO Listener] Arguments parsed
[2026-03-30 17:39:26Z INFO Runner] ExecuteCommand
[2026-03-30 17:39:26Z INFO ConfigurationStore] currentAssemblyLocation: D:\vscprojects\NSTA\py-greetings-ppln\actions-runner\bin\Runner.Listener.dll
[2026-03-30 17:39:26Z INFO HostContext] Well known directory 'Bin': 'D:\vscprojects\NSTA\py-greetings-ppln\actions-runner\bin'
[2026-03-30 17:39:26Z INFO ConfigurationStore] binPath: D:\vscprojects\NSTA\py-greetings-ppln\actions-runner\bin
[2026-03-30 17:39:26Z INFO HostContext] Well known directory 'Bin': 'D:\vscprojects\NSTA\py-greetings-ppln\actions-runner\bin'
[2026-03-30 17:39:26Z INFO HostContext] Well known directory 'Root': 'D:\vscprojects\NSTA\py-greetings-ppln\actions-runner'
[2026-03-30 17:39:26Z INFO ConfigurationStore] RootFolder: D:\vscprojects\NSTA\py-greetings-ppln\actions-runner
[2026-03-30 17:39:26Z INFO HostContext] Well known directory 'Bin': 'D:\vscprojects\NSTA\py-greetings-ppln\actions-runner\bin'
[2026-03-30 17:39:26Z INFO HostContext] Well known directory 'Root': 'D:\vscprojects\NSTA\py-greetings-ppln\actions-runner'
[2026-03-30 17:39:26Z INFO HostContext] Well known config file 'Runner': 'D:\vscprojects\NSTA\py-greetings-ppln\actions-runner\.runner'
[2026-03-30 17:39:26Z INFO ConfigurationStore] ConfigFilePath: D:\vscprojects\NSTA\py-greetings-ppln\actions-runner\.runner
[2026-03-30 17:39:26Z INFO HostContext] Well known directory 'Bin': 'D:\vscprojects\NSTA\py-greetings-ppln\actions-runner\bin'
[2026-03-30 17:39:26Z INFO HostContext] Well known directory 'Root': 'D:\vscprojects\NSTA\py-greetings-ppln\actions-runner'
[2026-03-30 17:39:26Z INFO HostContext] Well known config file 'MigratedRunner': 'D:\vscprojects\NSTA\py-greetings-ppln\actions-runner\.runner_migrated'
[2026-03-30 17:39:26Z INFO ConfigurationStore] MigratedConfigFilePath: D:\vscprojects\NSTA\py-greetings-ppln\actions-runner\.runner_migrated
[2026-03-30 17:39:26Z INFO HostContext] Well known directory 'Bin': 'D:\vscprojects\NSTA\py-greetings-ppln\actions-runner\bin'
[2026-03-30 17:39:26Z INFO HostContext] Well known directory 'Root': 'D:\vscprojects\NSTA\py-greetings-ppln\actions-runner'
[2026-03-30 17:39:26Z INFO HostContext] Well known config file 'Credentials': 'D:\vscprojects\NSTA\py-greetings-ppln\actions-runner\.credentials'
[2026-03-30 17:39:26Z INFO ConfigurationStore] CredFilePath: D:\vscprojects\NSTA\py-greetings-ppln\actions-runner\.credentials
[2026-03-30 17:39:26Z INFO HostContext] Well known directory 'Bin': 'D:\vscprojects\NSTA\py-greetings-ppln\actions-runner\bin'
[2026-03-30 17:39:26Z INFO HostContext] Well known directory 'Root': 'D:\vscprojects\NSTA\py-greetings-ppln\actions-runner'
[2026-03-30 17:39:26Z INFO HostContext] Well known config file 'MigratedCredentials': 'D:\vscprojects\NSTA\py-greetings-ppln\actions-runner\.credentials_migrated'
[2026-03-30 17:39:26Z INFO ConfigurationStore] MigratedCredFilePath: D:\vscprojects\NSTA\py-greetings-ppln\actions-runner\.credentials_migrated
[2026-03-30 17:39:26Z INFO HostContext] Well known directory 'Bin': 'D:\vscprojects\NSTA\py-greetings-ppln\actions-runner\bin'
[2026-03-30 17:39:26Z INFO HostContext] Well known directory 'Root': 'D:\vscprojects\NSTA\py-greetings-ppln\actions-runner'
[2026-03-30 17:39:26Z INFO HostContext] Well known config file 'Service': 'D:\vscprojects\NSTA\py-greetings-ppln\actions-runner\.service'
[2026-03-30 17:39:26Z INFO ConfigurationStore] ServiceConfigFilePath: D:\vscprojects\NSTA\py-greetings-ppln\actions-runner\.service
[2026-03-30 17:39:26Z INFO CommandSettings] Flag 'help': 'False'
[2026-03-30 17:39:26Z INFO CommandSettings] Flag 'version': 'False'
[2026-03-30 17:39:26Z INFO CommandSettings] Flag 'commit': 'False'
[2026-03-30 17:39:26Z INFO CommandSettings] Flag 'check': 'False'
[2026-03-30 17:39:26Z INFO CommandSettings] Command 'configure': 'True'
[2026-03-30 17:39:26Z INFO Terminal] WRITE LINE: 
[2026-03-30 17:39:26Z INFO Terminal] WRITE LINE: --------------------------------------------------------------------------------
[2026-03-30 17:39:26Z INFO Terminal] WRITE LINE: |        ____ _ _   _   _       _          _        _   _                      |
[2026-03-30 17:39:26Z INFO Terminal] WRITE LINE: |       / ___(_) |_| | | |_   _| |__      / \   ___| |_(_) ___  _ __  ___      |
[2026-03-30 17:39:26Z INFO Terminal] WRITE LINE: |      | |  _| | __| |_| | | | | '_ \    / _ \ / __| __| |/ _ \| '_ \/ __|     |
[2026-03-30 17:39:26Z INFO Terminal] WRITE LINE: |      | |_| | | |_|  _  | |_| | |_) |  / ___ \ (__| |_| | (_) | | | \__ \     |
[2026-03-30 17:39:26Z INFO Terminal] WRITE LINE: |       \____|_|\__|_| |_|\__,_|_.__/  /_/   \_\___|\__|_|\___/|_| |_|___/     |
[2026-03-30 17:39:26Z INFO Terminal] WRITE LINE: |                                                                              |
[2026-03-30 17:39:26Z INFO Terminal] WRITE: |                       
[2026-03-30 17:39:26Z INFO Terminal] WRITE: Self-hosted runner registration
[2026-03-30 17:39:26Z INFO Terminal] WRITE LINE:                         |
[2026-03-30 17:39:26Z INFO Terminal] WRITE LINE: |                                                                              |
[2026-03-30 17:39:26Z INFO Terminal] WRITE LINE: --------------------------------------------------------------------------------
[2026-03-30 17:39:26Z INFO ConfigurationManager] ConfigureAsync
[2026-03-30 17:39:26Z INFO CommandSettings] Flag 'generateServiceConfig': 'False'
[2026-03-30 17:39:26Z INFO ConfigurationStore] IsConfigured()
[2026-03-30 17:39:26Z INFO ConfigurationStore] IsConfigured: False
[2026-03-30 17:39:26Z INFO ConfigurationManager] Is configured: False
[2026-03-30 17:39:26Z INFO CommandSettings] Arg 'url': 'https://github.com/lvwonx/py-greetings-ppln'
[2026-03-30 17:39:26Z INFO CommandSettings] Remove url from Arg dictionary.
[2026-03-30 17:39:26Z INFO CommandSettings] Arg 'token': '***'
[2026-03-30 17:39:26Z INFO CommandSettings] Remove token from Arg dictionary.
[2026-03-30 17:39:27Z INFO ConfigurationManager] Http response code: OK from 'POST https://api.github.com/actions/runner-registration' (F213:A4FC3:85D5AB6:7476615:69CAB4E2)
[2026-03-30 17:39:27Z INFO ConfigurationManager] Using runner-admin flow: False
[2026-03-30 17:39:27Z INFO ConfigurationManager] cred retrieved via GitHub auth
[2026-03-30 17:39:27Z INFO RunnerServer] EstablishVssConnection
[2026-03-30 17:39:27Z INFO RunnerServer] Establish connection with 100 seconds timeout.
[2026-03-30 17:39:27Z INFO GitHubActionsService] Starting operation Location.GetConnectionData
[2026-03-30 17:39:27Z INFO RunnerServer] EstablishVssConnection
[2026-03-30 17:39:27Z INFO RunnerServer] Establish connection with 60 seconds timeout.
[2026-03-30 17:39:27Z INFO GitHubActionsService] Starting operation Location.GetConnectionData
[2026-03-30 17:39:27Z INFO RunnerServer] EstablishVssConnection
[2026-03-30 17:39:27Z INFO RunnerServer] Establish connection with 60 seconds timeout.
[2026-03-30 17:39:27Z INFO GitHubActionsService] Starting operation Location.GetConnectionData
[2026-03-30 17:39:27Z INFO GitHubActionsService] Finished operation Location.GetConnectionData
[2026-03-30 17:39:27Z INFO GitHubActionsService] Finished operation Location.GetConnectionData
[2026-03-30 17:39:27Z INFO GitHubActionsService] Finished operation Location.GetConnectionData
[2026-03-30 17:39:27Z INFO Terminal] WRITE LINE: 
[2026-03-30 17:39:27Z INFO ConfigurationManager] Test Connection complete.
[2026-03-30 17:39:27Z INFO HostContext] Well known directory 'Bin': 'D:\vscprojects\NSTA\py-greetings-ppln\actions-runner\bin'
[2026-03-30 17:39:27Z INFO HostContext] Well known directory 'Root': 'D:\vscprojects\NSTA\py-greetings-ppln\actions-runner'
[2026-03-30 17:39:27Z INFO HostContext] Well known config file 'RSACredentials': 'D:\vscprojects\NSTA\py-greetings-ppln\actions-runner\.credentials_rsaparams'
[2026-03-30 17:39:27Z INFO RSAEncryptedFileKeyManager] Creating new RSA key using 2048-bit key length
[2026-03-30 17:39:27Z INFO RSAEncryptedFileKeyManager] Successfully saved RSA key parameters to file D:\vscprojects\NSTA\py-greetings-ppln\actions-runner\.credentials_rsaparams
[2026-03-30 17:39:28Z INFO CommandSettings] Arg 'runnergroup': ''
[2026-03-30 17:39:28Z INFO CommandSettings] Flag 'unattended': 'False'
[2026-03-30 17:39:28Z INFO PromptManager] ReadValue
[2026-03-30 17:39:28Z INFO Terminal] WRITE: Enter the name of the runner group to add this runner to: 
[2026-03-30 17:39:28Z INFO Terminal] WRITE: [press Enter for Default] 
[2026-03-30 17:39:28Z INFO Terminal] READ LINE
[2026-03-30 17:39:53Z INFO Terminal] Read value: ''
[2026-03-30 17:39:53Z INFO PromptManager] Falling back to the default: 'Default'
[2026-03-30 17:39:53Z INFO Terminal] WRITE LINE: 
[2026-03-30 17:39:53Z INFO ConfigurationManager] Found a self-hosted runner group with id 1 and name Default
[2026-03-30 17:39:53Z INFO CommandSettings] Flag 'disableupdate': 'False'
[2026-03-30 17:39:53Z INFO CommandSettings] Flag 'ephemeral': 'False'
[2026-03-30 17:39:53Z INFO CommandSettings] Arg 'name': ''
[2026-03-30 17:39:53Z INFO CommandSettings] Flag 'unattended': 'False'
[2026-03-30 17:39:53Z INFO PromptManager] ReadValue
[2026-03-30 17:39:53Z INFO Terminal] WRITE: Enter the name of runner: 
[2026-03-30 17:39:53Z INFO Terminal] WRITE: [press Enter for BEAST] 
[2026-03-30 17:39:53Z INFO Terminal] READ LINE
[2026-03-30 17:39:56Z INFO Terminal] Read value: ''
[2026-03-30 17:39:56Z INFO PromptManager] Falling back to the default: 'BEAST'
[2026-03-30 17:39:56Z INFO Terminal] WRITE LINE: 
[2026-03-30 17:39:56Z INFO CommandSettings] Arg 'labels': ''
[2026-03-30 17:39:56Z INFO CommandSettings] Flag 'unattended': 'False'
[2026-03-30 17:39:56Z INFO PromptManager] ReadValue
[2026-03-30 17:39:56Z INFO Terminal] WRITE: This runner will have the following labels: 'self-hosted', 'Windows', 'X64' 
Enter any additional labels (ex. label-1,label-2): 
[2026-03-30 17:39:56Z INFO Terminal] WRITE: [press Enter to skip] 
[2026-03-30 17:39:56Z INFO Terminal] READ LINE
[2026-03-30 17:40:07Z INFO Terminal] Read value: ''
[2026-03-30 17:40:07Z INFO Terminal] WRITE LINE: 
[2026-03-30 17:40:07Z INFO CommandSettings] Flag 'disableupdate': 'False'
[2026-03-30 17:40:07Z INFO CommandSettings] Flag 'no-default-labels': 'False'
[2026-03-30 17:40:07Z INFO CommandSettings] Flag 'disableupdate': 'False'
[2026-03-30 17:40:07Z INFO CommandSettings] Flag 'ephemeral': 'False'
[2026-03-30 17:40:07Z INFO ConfigurationStore] Saving OAuth credential @ D:\vscprojects\NSTA\py-greetings-ppln\actions-runner\.credentials
[2026-03-30 17:40:07Z INFO ConfigurationStore] Credentials Saved.
[2026-03-30 17:40:07Z INFO ConfigurationManager] Service enforced serverUrlV2: https://broker.actions.githubusercontent.com/
[2026-03-30 17:40:07Z INFO ConfigurationManager] Service enforced useV2Flow: True
[2026-03-30 17:40:07Z INFO CommandSettings] Arg 'work': ''
[2026-03-30 17:40:07Z INFO CommandSettings] Flag 'unattended': 'False'
[2026-03-30 17:40:07Z INFO PromptManager] ReadValue
[2026-03-30 17:40:07Z INFO Terminal] WRITE: Enter name of work folder: 
[2026-03-30 17:40:07Z INFO Terminal] WRITE: [press Enter for _work] 
[2026-03-30 17:40:07Z INFO Terminal] READ LINE
[2026-03-30 17:40:09Z INFO Terminal] Read value: ''
[2026-03-30 17:40:09Z INFO PromptManager] Falling back to the default: '_work'
[2026-03-30 17:40:09Z INFO ConfigurationStore] Saving runner settings.
[2026-03-30 17:40:09Z INFO ConfigurationStore] Settings Saved.
[2026-03-30 17:40:09Z INFO Terminal] WRITE LINE: 
[2026-03-30 17:40:09Z INFO Terminal] WRITE LINE: 
[2026-03-30 17:40:09Z INFO CommandSettings] Flag 'runasservice': 'False'
[2026-03-30 17:40:09Z INFO CommandSettings] Flag 'unattended': 'False'
[2026-03-30 17:40:09Z INFO PromptManager] ReadValue
[2026-03-30 17:40:09Z INFO Terminal] WRITE: Would you like to run the runner as service? (Y/N) 
[2026-03-30 17:40:09Z INFO Terminal] WRITE: [press Enter for N] 
[2026-03-30 17:40:09Z INFO Terminal] READ LINE
[2026-03-30 17:40:17Z INFO Terminal] Read value: ''
[2026-03-30 17:40:17Z INFO PromptManager] Falling back to the default: 'N'
[2026-03-30 17:40:17Z INFO Listener] Runner execution has finished with return code 0
