[2026-03-30 18:36:37Z INFO HostContext] No proxy settings were found based on environmental variables (http_proxy/https_proxy/HTTP_PROXY/HTTPS_PROXY)
[2026-03-30 18:36:37Z INFO HostContext] Well known directory 'Bin': 'D:\vscprojects\NSTA\py-greetings-ppln\actions-runner\bin'
[2026-03-30 18:36:37Z INFO HostContext] Well known directory 'Root': 'D:\vscprojects\NSTA\py-greetings-ppln\actions-runner'
[2026-03-30 18:36:37Z INFO HostContext] Well known config file 'Credentials': 'D:\vscprojects\NSTA\py-greetings-ppln\actions-runner\.credentials'
[2026-03-30 18:36:37Z INFO HostContext] Well known directory 'Bin': 'D:\vscprojects\NSTA\py-greetings-ppln\actions-runner\bin'
[2026-03-30 18:36:37Z INFO HostContext] Well known directory 'Root': 'D:\vscprojects\NSTA\py-greetings-ppln\actions-runner'
[2026-03-30 18:36:37Z INFO HostContext] Well known config file 'Runner': 'D:\vscprojects\NSTA\py-greetings-ppln\actions-runner\.runner'
[2026-03-30 18:36:37Z INFO Listener] Runner is built for Windows (X64) - win-x64.
[2026-03-30 18:36:37Z INFO Listener] RuntimeInformation: Microsoft Windows 10.0.26200.
[2026-03-30 18:36:37Z INFO Listener] Version: 2.333.0
[2026-03-30 18:36:37Z INFO Listener] Commit: 8d231aaf863e5fcdd02d35bdfda369feafd08adb
[2026-03-30 18:36:37Z INFO Listener] Culture: ru-RU
[2026-03-30 18:36:37Z INFO Listener] UI Culture: ru-RU
[2026-03-30 18:36:37Z INFO HostContext] Well known directory 'Bin': 'D:\vscprojects\NSTA\py-greetings-ppln\actions-runner\bin'
[2026-03-30 18:36:37Z INFO HostContext] Well known directory 'Root': 'D:\vscprojects\NSTA\py-greetings-ppln\actions-runner'
[2026-03-30 18:36:37Z INFO Listener] Validating directory permissions for: 'D:\vscprojects\NSTA\py-greetings-ppln\actions-runner'
[2026-03-30 18:36:37Z INFO CommandLineParser] Parse
[2026-03-30 18:36:37Z INFO CommandLineParser] Parsing 1 args
[2026-03-30 18:36:37Z INFO CommandLineParser] parsing argument
[2026-03-30 18:36:37Z INFO CommandLineParser] HasArgs: False
[2026-03-30 18:36:37Z INFO CommandLineParser] Adding Command: run
[2026-03-30 18:36:37Z INFO Listener] Arguments parsed
[2026-03-30 18:36:37Z INFO Runner] ExecuteCommand
[2026-03-30 18:36:37Z INFO ConfigurationStore] currentAssemblyLocation: D:\vscprojects\NSTA\py-greetings-ppln\actions-runner\bin\Runner.Listener.dll
[2026-03-30 18:36:37Z INFO HostContext] Well known directory 'Bin': 'D:\vscprojects\NSTA\py-greetings-ppln\actions-runner\bin'
[2026-03-30 18:36:37Z INFO ConfigurationStore] binPath: D:\vscprojects\NSTA\py-greetings-ppln\actions-runner\bin
[2026-03-30 18:36:37Z INFO HostContext] Well known directory 'Bin': 'D:\vscprojects\NSTA\py-greetings-ppln\actions-runner\bin'
[2026-03-30 18:36:37Z INFO HostContext] Well known directory 'Root': 'D:\vscprojects\NSTA\py-greetings-ppln\actions-runner'
[2026-03-30 18:36:37Z INFO ConfigurationStore] RootFolder: D:\vscprojects\NSTA\py-greetings-ppln\actions-runner
[2026-03-30 18:36:37Z INFO HostContext] Well known directory 'Bin': 'D:\vscprojects\NSTA\py-greetings-ppln\actions-runner\bin'
[2026-03-30 18:36:37Z INFO HostContext] Well known directory 'Root': 'D:\vscprojects\NSTA\py-greetings-ppln\actions-runner'
[2026-03-30 18:36:37Z INFO HostContext] Well known config file 'Runner': 'D:\vscprojects\NSTA\py-greetings-ppln\actions-runner\.runner'
[2026-03-30 18:36:37Z INFO ConfigurationStore] ConfigFilePath: D:\vscprojects\NSTA\py-greetings-ppln\actions-runner\.runner
[2026-03-30 18:36:37Z INFO HostContext] Well known directory 'Bin': 'D:\vscprojects\NSTA\py-greetings-ppln\actions-runner\bin'
[2026-03-30 18:36:37Z INFO HostContext] Well known directory 'Root': 'D:\vscprojects\NSTA\py-greetings-ppln\actions-runner'
[2026-03-30 18:36:37Z INFO HostContext] Well known config file 'MigratedRunner': 'D:\vscprojects\NSTA\py-greetings-ppln\actions-runner\.runner_migrated'
[2026-03-30 18:36:37Z INFO ConfigurationStore] MigratedConfigFilePath: D:\vscprojects\NSTA\py-greetings-ppln\actions-runner\.runner_migrated
[2026-03-30 18:36:37Z INFO HostContext] Well known directory 'Bin': 'D:\vscprojects\NSTA\py-greetings-ppln\actions-runner\bin'
[2026-03-30 18:36:37Z INFO HostContext] Well known directory 'Root': 'D:\vscprojects\NSTA\py-greetings-ppln\actions-runner'
[2026-03-30 18:36:37Z INFO HostContext] Well known config file 'Credentials': 'D:\vscprojects\NSTA\py-greetings-ppln\actions-runner\.credentials'
[2026-03-30 18:36:37Z INFO ConfigurationStore] CredFilePath: D:\vscprojects\NSTA\py-greetings-ppln\actions-runner\.credentials
[2026-03-30 18:36:37Z INFO HostContext] Well known directory 'Bin': 'D:\vscprojects\NSTA\py-greetings-ppln\actions-runner\bin'
[2026-03-30 18:36:37Z INFO HostContext] Well known directory 'Root': 'D:\vscprojects\NSTA\py-greetings-ppln\actions-runner'
[2026-03-30 18:36:37Z INFO HostContext] Well known config file 'MigratedCredentials': 'D:\vscprojects\NSTA\py-greetings-ppln\actions-runner\.credentials_migrated'
[2026-03-30 18:36:37Z INFO ConfigurationStore] MigratedCredFilePath: D:\vscprojects\NSTA\py-greetings-ppln\actions-runner\.credentials_migrated
[2026-03-30 18:36:37Z INFO HostContext] Well known directory 'Bin': 'D:\vscprojects\NSTA\py-greetings-ppln\actions-runner\bin'
[2026-03-30 18:36:37Z INFO HostContext] Well known directory 'Root': 'D:\vscprojects\NSTA\py-greetings-ppln\actions-runner'
[2026-03-30 18:36:37Z INFO HostContext] Well known config file 'Service': 'D:\vscprojects\NSTA\py-greetings-ppln\actions-runner\.service'
[2026-03-30 18:36:37Z INFO ConfigurationStore] ServiceConfigFilePath: D:\vscprojects\NSTA\py-greetings-ppln\actions-runner\.service
[2026-03-30 18:36:37Z INFO CommandSettings] Flag 'help': 'False'
[2026-03-30 18:36:37Z INFO CommandSettings] Flag 'version': 'False'
[2026-03-30 18:36:37Z INFO CommandSettings] Flag 'commit': 'False'
[2026-03-30 18:36:37Z INFO CommandSettings] Flag 'check': 'False'
[2026-03-30 18:36:37Z INFO CommandSettings] Command 'configure': 'False'
[2026-03-30 18:36:37Z INFO CommandSettings] Command 'remove': 'False'
[2026-03-30 18:36:37Z INFO CommandSettings] Command 'warmup': 'False'
[2026-03-30 18:36:37Z INFO ConfigurationManager] LoadSettings
[2026-03-30 18:36:37Z INFO ConfigurationStore] IsConfigured()
[2026-03-30 18:36:37Z INFO ConfigurationStore] IsConfigured: True
[2026-03-30 18:36:37Z INFO ConfigurationManager] Is configured: True
[2026-03-30 18:36:37Z INFO ConfigurationStore] Read setting file: 393 chars
[2026-03-30 18:36:37Z INFO ConfigurationManager] Settings Loaded
[2026-03-30 18:36:37Z INFO ConfigurationStore] IsServiceConfigured()
[2026-03-30 18:36:37Z INFO ConfigurationStore] IsServiceConfigured: False
[2026-03-30 18:36:37Z INFO CommandSettings] Command 'run': 'True'
[2026-03-30 18:36:37Z INFO ConfigurationStore] IsConfigured()
[2026-03-30 18:36:37Z INFO ConfigurationStore] IsConfigured: True
[2026-03-30 18:36:37Z INFO ConfigurationManager] Is configured: True
[2026-03-30 18:36:37Z INFO Runner] Could not parse the argument value '' for StartupType. Defaulting to Manual
[2026-03-30 18:36:37Z INFO Runner] Set runner startup type - Manual
[2026-03-30 18:36:37Z INFO CommandSettings] Flag 'once': 'False'
[2026-03-30 18:36:37Z INFO CommandSettings] Flag 'once': 'False'
[2026-03-30 18:36:37Z INFO Runner] RunAsync
[2026-03-30 18:36:37Z INFO HostContext] Well known directory 'Bin': 'D:\vscprojects\NSTA\py-greetings-ppln\actions-runner\bin'
[2026-03-30 18:36:37Z INFO HostContext] Well known directory 'Root': 'D:\vscprojects\NSTA\py-greetings-ppln\actions-runner'
[2026-03-30 18:36:37Z INFO HostContext] Well known directory 'Work': 'D:\vscprojects\NSTA\py-greetings-ppln\actions-runner\_work'
[2026-03-30 18:36:37Z INFO Runner] Validating directory permissions for: 'D:\vscprojects\NSTA\py-greetings-ppln\actions-runner\_work'
[2026-03-30 18:36:37Z INFO ConfigurationManager] LoadMigratedSettings
[2026-03-30 18:36:37Z INFO ConfigurationStore] IsMigratedConfigured()
[2026-03-30 18:36:37Z INFO ConfigurationStore] IsMigratedConfigured: False
[2026-03-30 18:36:37Z INFO Runner] Failed to load migrated settings: No migrated configuration found.
[2026-03-30 18:36:37Z INFO Runner] Falling back to original .runner settings
[2026-03-30 18:36:37Z INFO Runner] Using BrokerMessageListener
[2026-03-30 18:36:37Z INFO BrokerMessageListener] Using provided settings
[2026-03-30 18:36:37Z INFO BrokerMessageListener] {
  "AgentId": 2,
  "AgentName": "BEAST",
  "PoolId": 1,
  "PoolName": "Default",
  "ServerUrl": "https://pipelinesghubeus10.actions.githubusercontent.com/ziEmYLr55G9t8cbQgn5f7rrvCJHN36l1jeWnDoASdm99ZSG9Dt/",
  "GitHubUrl": "https://github.com/lvwonx/py-greetings-ppln",
  "WorkFolder": "_work",
  "UseV2Flow": true,
  "ServerUrlV2": "https://broker.actions.githubusercontent.com/"
}
[2026-03-30 18:36:37Z INFO BrokerMessageListener] Loading Credentials
[2026-03-30 18:36:37Z INFO ConfigurationStore] HasCredentials()
[2026-03-30 18:36:37Z INFO ConfigurationStore] stored True
[2026-03-30 18:36:37Z INFO CredentialManager] GetCredentialProvider
[2026-03-30 18:36:37Z INFO CredentialManager] Creating type OAuth
[2026-03-30 18:36:37Z INFO CredentialManager] Creating credential type: OAuth
[2026-03-30 18:36:37Z INFO HostContext] Well known directory 'Bin': 'D:\vscprojects\NSTA\py-greetings-ppln\actions-runner\bin'
[2026-03-30 18:36:37Z INFO HostContext] Well known directory 'Root': 'D:\vscprojects\NSTA\py-greetings-ppln\actions-runner'
[2026-03-30 18:36:37Z INFO HostContext] Well known config file 'RSACredentials': 'D:\vscprojects\NSTA\py-greetings-ppln\actions-runner\.credentials_rsaparams'
[2026-03-30 18:36:37Z INFO RSAEncryptedFileKeyManager] Loading RSA key parameters from file D:\vscprojects\NSTA\py-greetings-ppln\actions-runner\.credentials_rsaparams
[2026-03-30 18:36:37Z INFO BrokerMessageListener] Attempt to create session.
[2026-03-30 18:36:37Z INFO BrokerMessageListener] Connecting to the Broker Server...
[2026-03-30 18:36:37Z INFO ConfigurationStore] HasCredentials()
[2026-03-30 18:36:37Z INFO ConfigurationStore] stored True
[2026-03-30 18:36:37Z INFO CredentialManager] GetCredentialProvider
[2026-03-30 18:36:37Z INFO CredentialManager] Creating type OAuth
[2026-03-30 18:36:37Z INFO CredentialManager] Creating credential type: OAuth
[2026-03-30 18:36:37Z INFO RSAEncryptedFileKeyManager] Loading RSA key parameters from file D:\vscprojects\NSTA\py-greetings-ppln\actions-runner\.credentials_rsaparams
[2026-03-30 18:36:37Z INFO BrokerMessageListener] VssConnection created
[2026-03-30 18:36:37Z INFO BrokerMessageListener] Connecting to the Runner server...
[2026-03-30 18:36:37Z INFO RunnerServer] EstablishVssConnection
[2026-03-30 18:36:37Z INFO RunnerServer] Establish connection with 100 seconds timeout.
[2026-03-30 18:36:37Z INFO GitHubActionsService] Starting operation Location.GetConnectionData
[2026-03-30 18:36:37Z INFO RunnerServer] EstablishVssConnection
[2026-03-30 18:36:37Z INFO RunnerServer] Establish connection with 60 seconds timeout.
[2026-03-30 18:36:37Z INFO GitHubActionsService] Starting operation Location.GetConnectionData
[2026-03-30 18:36:37Z INFO RunnerServer] EstablishVssConnection
[2026-03-30 18:36:37Z INFO RunnerServer] Establish connection with 60 seconds timeout.
[2026-03-30 18:36:37Z INFO GitHubActionsService] Starting operation Location.GetConnectionData
[2026-03-30 18:36:37Z INFO GitHubActionsService] Finished operation Location.GetConnectionData
[2026-03-30 18:36:37Z INFO GitHubActionsService] Finished operation Location.GetConnectionData
[2026-03-30 18:36:37Z INFO GitHubActionsService] Finished operation Location.GetConnectionData
[2026-03-30 18:36:37Z INFO BrokerMessageListener] VssConnection created
[2026-03-30 18:36:37Z INFO Terminal] WRITE LINE: 
[2026-03-30 18:36:37Z INFO Terminal] WRITE LINE: 
[2026-03-30 18:36:37Z INFO RSAEncryptedFileKeyManager] Loading RSA key parameters from file D:\vscprojects\NSTA\py-greetings-ppln\actions-runner\.credentials_rsaparams
[2026-03-30 18:36:37Z INFO RSAEncryptedFileKeyManager] Loading RSA key parameters from file D:\vscprojects\NSTA\py-greetings-ppln\actions-runner\.credentials_rsaparams
[2026-03-30 18:36:38Z INFO GitHubActionsService] AAD Correlation ID for this token request: Unknown
[2026-03-30 18:36:38Z INFO BrokerMessageListener] Session created.
[2026-03-30 18:36:38Z INFO Terminal] WRITE LINE: Current runner version: '2.333.0'
[2026-03-30 18:36:38Z INFO Terminal] WRITE LINE: 2026-03-30 18:36:38Z: Listening for Jobs
[2026-03-30 18:36:38Z INFO JobDispatcher] Set runner/worker IPC timeout to 30 seconds.
